[NbConvertApp] Converting notebook DataInventory.ipynb to notebook
[NbConvertApp] Executing notebook with kernel: lsst
CameraMapper INFO: Loading exposure registry from /datasets/hsc/repo/registry.sqlite3
CameraMapper INFO: Loading calib registry from /datasets/hsc/repo/CALIB/calibRegistry.sqlite3
CameraMapper INFO: Loading exposure registry from /datasets/hsc/repo/registry.sqlite3
CameraMapper INFO: Loading calib registry from /datasets/hsc/repo/CALIB/calibRegistry.sqlite3
CameraMapper INFO: Loading exposure registry from /datasets/hsc/repo/registry.sqlite3
CameraMapper INFO: Loading calib registry from /datasets/hsc/repo/CALIB/calibRegistry.sqlite3
CameraMapper INFO: Loading calib registry from /datasets/hsc/repo/CALIB/calibRegistry.sqlite3
[NbConvertApp] ERROR | Error while converting 'DataInventory.ipynb'
Traceback (most recent call last):
  File "/usr/local/lib/python3.6/site-packages/nbconvert/nbconvertapp.py", line 410, in export_single_notebook
    output, resources = self.exporter.from_filename(notebook_filename, resources=resources)
  File "/usr/local/lib/python3.6/site-packages/nbconvert/exporters/exporter.py", line 179, in from_filename
    return self.from_file(f, resources=resources, **kw)
  File "/usr/local/lib/python3.6/site-packages/nbconvert/exporters/exporter.py", line 197, in from_file
    return self.from_notebook_node(nbformat.read(file_stream, as_version=4), resources=resources, **kw)
  File "/usr/local/lib/python3.6/site-packages/nbconvert/exporters/notebook.py", line 32, in from_notebook_node
    nb_copy, resources = super(NotebookExporter, self).from_notebook_node(nb, resources, **kw)
  File "/usr/local/lib/python3.6/site-packages/nbconvert/exporters/exporter.py", line 139, in from_notebook_node
    nb_copy, resources = self._preprocess(nb_copy, resources)
  File "/usr/local/lib/python3.6/site-packages/nbconvert/exporters/exporter.py", line 316, in _preprocess
    nbc, resc = preprocessor(nbc, resc)
  File "/usr/local/lib/python3.6/site-packages/nbconvert/preprocessors/base.py", line 47, in __call__
    return self.preprocess(nb, resources)
  File "/usr/local/lib/python3.6/site-packages/nbconvert/preprocessors/execute.py", line 405, in preprocess
    nb, resources = super(ExecutePreprocessor, self).preprocess(nb, resources)
  File "/usr/local/lib/python3.6/site-packages/nbconvert/preprocessors/base.py", line 69, in preprocess
    nb.cells[index], resources = self.preprocess_cell(cell, resources, index)
  File "/usr/local/lib/python3.6/site-packages/nbconvert/preprocessors/execute.py", line 448, in preprocess_cell
    raise CellExecutionError.from_cell_and_msg(cell, out)
nbconvert.preprocessors.execute.CellExecutionError: An error occurred while executing the following cell:
------------------
tarquin.what_exists()
------------------

[0;31m---------------------------------------------------------------------------[0m
[0;31mModuleNotFoundError[0m                       Traceback (most recent call last)
[0;32m<ipython-input-17-5d63acdb0e3a>[0m in [0;36m<module>[0;34m[0m
[0;32m----> 1[0;31m [0mtarquin[0m[0;34m.[0m[0mwhat_exists[0m[0;34m([0m[0;34m)[0m[0;34m[0m[0;34m[0m[0m
[0m
[0;32m~/notebooks/.beavis/StackClub/stackclub/taster.py[0m in [0;36mwhat_exists[0;34m(self, all)[0m
[1;32m     48[0m         [0;31m# Get mappers for all tested repos[0m[0;34m[0m[0;34m[0m[0;34m[0m[0m
[1;32m     49[0m         [0;32mfrom[0m [0mlsst[0m[0;34m.[0m[0mobs[0m[0;34m.[0m[0mhsc[0m [0;32mimport[0m [0mHscMapper[0m[0;34m[0m[0;34m[0m[0m
[0;32m---> 50[0;31m         [0;32mfrom[0m [0mlsst[0m[0;34m.[0m[0mobs[0m[0;34m.[0m[0mcomCam[0m [0;32mimport[0m [0mComCamMapper[0m[0;34m[0m[0;34m[0m[0m
[0m[1;32m     51[0m         [0;31m#from lsst.obs.lsst import LsstCamMapper[0m[0;34m[0m[0;34m[0m[0;34m[0m[0m
[1;32m     52[0m         [0;32mfrom[0m [0mlsst[0m[0;34m.[0m[0mobs[0m[0;34m.[0m[0mctio0m9[0m [0;32mimport[0m [0mCtio0m9Mapper[0m[0;34m[0m[0;34m[0m[0m

[0;31mModuleNotFoundError[0m: No module named 'lsst.obs.comCam'
ModuleNotFoundError: No module named 'lsst.obs.comCam'

