[NbConvertApp] Converting notebook Re-RunHSC.ipynb to notebook
[NbConvertApp] Executing notebook with kernel: lsst
[NbConvertApp] ERROR | Error while converting 'Re-RunHSC.ipynb'
Traceback (most recent call last):
  File "/usr/local/lib/python3.6/site-packages/nbconvert/nbconvertapp.py", line 410, in export_single_notebook
    output, resources = self.exporter.from_filename(notebook_filename, resources=resources)
  File "/usr/local/lib/python3.6/site-packages/nbconvert/exporters/exporter.py", line 179, in from_filename
    return self.from_file(f, resources=resources, **kw)
  File "/usr/local/lib/python3.6/site-packages/nbconvert/exporters/exporter.py", line 197, in from_file
    return self.from_notebook_node(nbformat.read(file_stream, as_version=4), resources=resources, **kw)
  File "/usr/local/lib/python3.6/site-packages/nbconvert/exporters/notebook.py", line 32, in from_notebook_node
    nb_copy, resources = super(NotebookExporter, self).from_notebook_node(nb, resources, **kw)
  File "/usr/local/lib/python3.6/site-packages/nbconvert/exporters/exporter.py", line 139, in from_notebook_node
    nb_copy, resources = self._preprocess(nb_copy, resources)
  File "/usr/local/lib/python3.6/site-packages/nbconvert/exporters/exporter.py", line 316, in _preprocess
    nbc, resc = preprocessor(nbc, resc)
  File "/usr/local/lib/python3.6/site-packages/nbconvert/preprocessors/base.py", line 47, in __call__
    return self.preprocess(nb, resources)
  File "/usr/local/lib/python3.6/site-packages/nbconvert/preprocessors/execute.py", line 405, in preprocess
    nb, resources = super(ExecutePreprocessor, self).preprocess(nb, resources)
  File "/usr/local/lib/python3.6/site-packages/nbconvert/preprocessors/base.py", line 69, in preprocess
    nb.cells[index], resources = self.preprocess_cell(cell, resources, index)
  File "/usr/local/lib/python3.6/site-packages/nbconvert/preprocessors/execute.py", line 448, in preprocess_cell
    raise CellExecutionError.from_cell_and_msg(cell, out)
nbconvert.preprocessors.execute.CellExecutionError: An error occurred while executing the following cell:
------------------
from stackclub import where_is

from lsst.pipe.tasks.processCcd import ProcessCcdTask, ProcessCcdConfig

processCcdConfig = ProcessCcdConfig()
processCcdTaskInstance = ProcessCcdTask(butler=butler)

where_is(processCcdTaskInstance, in_the="source")

ProcessCcdTask.parseAndRun()
------------------

[0;31m---------------------------------------------------------------------------[0m
[0;31mNameError[0m                                 Traceback (most recent call last)
[0;32m<ipython-input-4-ddf8d9c7b6a2>[0m in [0;36m<module>[0;34m[0m
[1;32m      4[0m [0;34m[0m[0m
[1;32m      5[0m [0mprocessCcdConfig[0m [0;34m=[0m [0mProcessCcdConfig[0m[0;34m([0m[0;34m)[0m[0;34m[0m[0;34m[0m[0m
[0;32m----> 6[0;31m [0mprocessCcdTaskInstance[0m [0;34m=[0m [0mProcessCcdTask[0m[0;34m([0m[0mbutler[0m[0;34m=[0m[0mbutler[0m[0;34m)[0m[0;34m[0m[0;34m[0m[0m
[0m[1;32m      7[0m [0;34m[0m[0m
[1;32m      8[0m [0mwhere_is[0m[0;34m([0m[0mprocessCcdTaskInstance[0m[0;34m,[0m [0min_the[0m[0;34m=[0m[0;34m"source"[0m[0;34m)[0m[0;34m[0m[0;34m[0m[0m

[0;31mNameError[0m: name 'butler' is not defined
NameError: name 'butler' is not defined

